1613941702355	mozrunner::runner	INFO	Running command: "/usr/bin/firefox" "-marionette" "-foreground" "-no-remote" "-profile" "/tmp/rust_mozprofile.2tppu5WZw6rI"
1613941704636	Marionette	INFO	Listening on port 35693
1613941704686	Marionette	WARN	TLS certificate errors will be ignored for this session
1613941704702	Marionette	ERROR	[15] No reply from Marionette:Register
1613941726607	Marionette	INFO	Stopped listening on port 35693

###!!! [Parent][RunMessage] Error: Channel closing: too late to send/recv, messages will be lost

1613941819295	mozrunner::runner	INFO	Running command: "/usr/bin/firefox" "-marionette" "-foreground" "-no-remote" "-profile" "/tmp/rust_mozprofile.T0lhftYGTdF4"
1613941821384	Marionette	INFO	Listening on port 34321
1613941821425	Marionette	WARN	TLS certificate errors will be ignored for this session
1613941821443	Marionette	ERROR	[15] No reply from Marionette:Register
1613941823022	Marionette	INFO	Stopped listening on port 34321
1613941837983	mozrunner::runner	INFO	Running command: "/usr/bin/firefox" "-marionette" "-foreground" "-no-remote" "-profile" "/tmp/rust_mozprofile.ulCoGVJ3fKDa"
1613941839757	Marionette	INFO	Listening on port 43995
1613941839813	Marionette	WARN	TLS certificate errors will be ignored for this session
1613941839827	Marionette	ERROR	[15] No reply from Marionette:Register
1613941844489	Marionette	ERROR	[33] No reply from Marionette:Register
JavaScript error: https://static-exp1.licdn.com/sc/h/46hpi8uezjjez4p0intrn0rlh, line 1: TypeError: this._liveTextEl is null
1613942004886	mozrunner::runner	INFO	Running command: "/usr/bin/firefox" "-marionette" "-foreground" "-no-remote" "-profile" "/tmp/rust_mozprofile.4MgXtlpGjCws"
1613942006788	Marionette	INFO	Listening on port 46867
1613942006822	Marionette	WARN	TLS certificate errors will be ignored for this session
1613942006838	Marionette	ERROR	[15] No reply from Marionette:Register
1613942107013	mozrunner::runner	INFO	Running command: "/usr/bin/firefox" "-marionette" "-foreground" "-no-remote" "-profile" "/tmp/rust_mozprofile.x8Yf9vj0Hn75"
1613942108974	Marionette	INFO	Listening on port 46265
1613942109043	Marionette	WARN	TLS certificate errors will be ignored for this session
1613942109063	Marionette	ERROR	[15] No reply from Marionette:Register
1613942187520	mozrunner::runner	INFO	Running command: "/usr/bin/firefox" "-marionette" "-foreground" "-no-remote" "-profile" "/tmp/rust_mozprofile.hHUVfONNVFAv"
1613942189751	Marionette	INFO	Listening on port 46737
1613942189854	Marionette	WARN	TLS certificate errors will be ignored for this session
1613942189870	Marionette	ERROR	[15] No reply from Marionette:Register
JavaScript error: https://static-exp1.licdn.com/sc/h/46hpi8uezjjez4p0intrn0rlh, line 1: TypeError: this._liveTextEl is null
JavaScript error: https://static-exp1.licdn.com/sc/h/46hpi8uezjjez4p0intrn0rlh, line 1: TypeError: this._liveTextEl is null
JavaScript error: https://static-exp1.licdn.com/sc/h/46hpi8uezjjez4p0intrn0rlh, line 1: TypeError: this._liveTextEl is null
JavaScript error: https://static-exp1.licdn.com/sc/h/46hpi8uezjjez4p0intrn0rlh, line 1: TypeError: this._liveTextEl is null
1613942245082	mozrunner::runner	INFO	Running command: "/usr/bin/firefox" "-marionette" "-foreground" "-no-remote" "-profile" "/tmp/rust_mozprofile.IKo8PBgly28G"
1613942247090	Marionette	INFO	Listening on port 36487
1613942247206	Marionette	WARN	TLS certificate errors will be ignored for this session
1613942247218	Marionette	ERROR	[15] No reply from Marionette:Register
JavaScript error: https://static-exp1.licdn.com/sc/h/46hpi8uezjjez4p0intrn0rlh, line 1: TypeError: this._liveTextEl is null
1613942302380	mozrunner::runner	INFO	Running command: "/usr/bin/firefox" "-marionette" "-foreground" "-no-remote" "-profile" "/tmp/rust_mozprofile.KsYrvaNJapoN"
1613942304179	Marionette	INFO	Listening on port 34653
1613942304205	Marionette	WARN	TLS certificate errors will be ignored for this session
1613942304220	Marionette	ERROR	[15] No reply from Marionette:Register
JavaScript error: https://static-exp1.licdn.com/sc/h/46hpi8uezjjez4p0intrn0rlh, line 1: TypeError: this._liveTextEl is null
JavaScript error: https://static-exp1.licdn.com/sc/h/46hpi8uezjjez4p0intrn0rlh, line 1: TypeError: this._liveTextEl is null
JavaScript error: https://static-exp1.licdn.com/sc/h/46hpi8uezjjez4p0intrn0rlh, line 1: TypeError: this._liveTextEl is null
1613942339325	mozrunner::runner	INFO	Running command: "/usr/bin/firefox" "-marionette" "-foreground" "-no-remote" "-profile" "/tmp/rust_mozprofile.uBP5WYWD38qZ"
1613942341253	Marionette	INFO	Listening on port 39291
1613942341352	Marionette	WARN	TLS certificate errors will be ignored for this session
1613942341367	Marionette	ERROR	[15] No reply from Marionette:Register
JavaScript error: https://static-exp1.licdn.com/sc/h/46hpi8uezjjez4p0intrn0rlh, line 1: TypeError: this._liveTextEl is null
JavaScript error: https://static-exp1.licdn.com/sc/h/46hpi8uezjjez4p0intrn0rlh, line 1: TypeError: this._liveTextEl is null
1613942348141	Marionette	ERROR	[33] No reply from Marionette:Register
1613942384027	mozrunner::runner	INFO	Running command: "/usr/bin/firefox" "-marionette" "-foreground" "-no-remote" "-profile" "/tmp/rust_mozprofile.CwQiBekRQV0e"
1613942386191	Marionette	INFO	Listening on port 41403
1613942386257	Marionette	WARN	TLS certificate errors will be ignored for this session
1613942386271	Marionette	ERROR	[15] No reply from Marionette:Register
JavaScript error: https://static-exp1.licdn.com/sc/h/46hpi8uezjjez4p0intrn0rlh, line 1: TypeError: this._liveTextEl is null
JavaScript error: https://static-exp1.licdn.com/sc/h/46hpi8uezjjez4p0intrn0rlh, line 1: TypeError: this._liveTextEl is null
JavaScript error: https://static-exp1.licdn.com/sc/p/com.linkedin.jobs-guest-frontend%3Ajobs-guest-frontend-static-content%2B2.0.13/f/%2Fjobs-guest-frontend%2Fdist%2FguestHouseJobsSearch.js, line 1: TypeError: e.tracking is undefined
1613942407710	Marionette	ERROR	[33] No reply from Marionette:Register
JavaScript error: https://static-exp1.licdn.com/sc/p/com.linkedin.jobs-guest-frontend%3Ajobs-guest-frontend-static-content%2B2.0.13/f/%2Fjobs-guest-frontend%2Fdist%2FguestHouseJobsSearch.js, line 1: TypeError: this.window.searchTracking is undefined
1613942588793	Marionette	INFO	Stopped listening on port 41403
IPDL protocol error: Handler returned error code!

###!!! [Parent][DispatchAsyncMessage] Error: PLayerTransaction::Msg_ReleaseLayer Processing error: message was deserialized, but the handler returned false (indicating failure)

1613942594849	mozrunner::runner	INFO	Running command: "/usr/bin/firefox" "-marionette" "-foreground" "-no-remote" "-profile" "/tmp/rust_mozprofile.2fGCZdY5dkql"
1613942596783	Marionette	INFO	Listening on port 33805
1613942596883	Marionette	WARN	TLS certificate errors will be ignored for this session
1613942596902	Marionette	ERROR	[15] No reply from Marionette:Register
JavaScript error: https://static-exp1.licdn.com/sc/h/46hpi8uezjjez4p0intrn0rlh, line 1: TypeError: this._liveTextEl is null
JavaScript error: https://static-exp1.licdn.com/sc/p/com.linkedin.jobs-guest-frontend%3Ajobs-guest-frontend-static-content%2B2.0.13/f/%2Fjobs-guest-frontend%2Fdist%2FguestHouseJobsSearch.js, line 1: TypeError: e.tracking is undefined
1613942686551	mozrunner::runner	INFO	Running command: "/usr/bin/firefox" "-marionette" "-foreground" "-no-remote" "-profile" "/tmp/rust_mozprofile.ssY3ZvqbkZYD"
1613942688335	Marionette	INFO	Listening on port 36811
1613942688373	Marionette	WARN	TLS certificate errors will be ignored for this session
1613942688390	Marionette	ERROR	[15] No reply from Marionette:Register
JavaScript error: https://static-exp1.licdn.com/sc/h/46hpi8uezjjez4p0intrn0rlh, line 1: TypeError: this._liveTextEl is null
JavaScript error: https://static-exp1.licdn.com/sc/p/com.linkedin.jobs-guest-frontend%3Ajobs-guest-frontend-static-content%2B2.0.13/f/%2Fjobs-guest-frontend%2Fdist%2FguestHouseJobsSearch.js, line 1: TypeError: e.tracking is undefined
1613942726830	mozrunner::runner	INFO	Running command: "/usr/bin/firefox" "-marionette" "-foreground" "-no-remote" "-profile" "/tmp/rust_mozprofile.ShNYPlkgVPxt"
1613942728681	Marionette	INFO	Listening on port 38215
1613942728769	Marionette	WARN	TLS certificate errors will be ignored for this session
1613942728792	Marionette	ERROR	[15] No reply from Marionette:Register
JavaScript error: https://static-exp1.licdn.com/sc/h/46hpi8uezjjez4p0intrn0rlh, line 1: TypeError: this._liveTextEl is null
JavaScript error: https://static-exp1.licdn.com/sc/p/com.linkedin.jobs-guest-frontend%3Ajobs-guest-frontend-static-content%2B2.0.13/f/%2Fjobs-guest-frontend%2Fdist%2FguestHouseJobsSearch.js, line 1: TypeError: e.tracking is undefined
1613942860004	mozrunner::runner	INFO	Running command: "/usr/bin/firefox" "-marionette" "-foreground" "-no-remote" "-profile" "/tmp/rust_mozprofile.OnXLuiYQNzq4"
1613942861940	Marionette	INFO	Listening on port 36951
1613942862036	Marionette	WARN	TLS certificate errors will be ignored for this session
1613942862055	Marionette	ERROR	[15] No reply from Marionette:Register
JavaScript error: https://static-exp1.licdn.com/sc/h/46hpi8uezjjez4p0intrn0rlh, line 1: TypeError: this._liveTextEl is null
JavaScript error: https://static-exp1.licdn.com/sc/h/46hpi8uezjjez4p0intrn0rlh, line 1: TypeError: this._liveTextEl is null
JavaScript error: https://static-exp1.licdn.com/sc/p/com.linkedin.jobs-guest-frontend%3Ajobs-guest-frontend-static-content%2B2.0.13/f/%2Fjobs-guest-frontend%2Fdist%2FguestHouseJobsSearch.js, line 1: TypeError: e.tracking is undefined
1613942884208	mozrunner::runner	INFO	Running command: "/usr/bin/firefox" "-marionette" "-foreground" "-no-remote" "-profile" "/tmp/rust_mozprofile.H8AuxpiAKgMA"
1613942886197	Marionette	INFO	Listening on port 36005
1613942886241	Marionette	WARN	TLS certificate errors will be ignored for this session
1613942886258	Marionette	ERROR	[15] No reply from Marionette:Register
JavaScript error: https://static-exp1.licdn.com/sc/h/46hpi8uezjjez4p0intrn0rlh, line 1: TypeError: this._liveTextEl is null
JavaScript error: https://static-exp1.licdn.com/sc/h/46hpi8uezjjez4p0intrn0rlh, line 1: TypeError: this._liveTextEl is null
JavaScript error: https://static-exp1.licdn.com/sc/p/com.linkedin.jobs-guest-frontend%3Ajobs-guest-frontend-static-content%2B2.0.13/f/%2Fjobs-guest-frontend%2Fdist%2FguestHouseJobsSearch.js, line 1: TypeError: e.tracking is undefined
1613942932230	Marionette	ERROR	[33] No reply from Marionette:Register
1613942962713	mozrunner::runner	INFO	Running command: "/usr/bin/firefox" "-marionette" "-foreground" "-no-remote" "-profile" "/tmp/rust_mozprofile.RIBDUr9JPqC8"
1613942964758	Marionette	INFO	Listening on port 39663
1613942964846	Marionette	WARN	TLS certificate errors will be ignored for this session
1613942964860	Marionette	ERROR	[15] No reply from Marionette:Register
JavaScript error: https://static-exp1.licdn.com/sc/h/46hpi8uezjjez4p0intrn0rlh, line 1: TypeError: this._liveTextEl is null
JavaScript error: https://static-exp1.licdn.com/sc/h/46hpi8uezjjez4p0intrn0rlh, line 1: TypeError: this._liveTextEl is null
JavaScript error: https://static-exp1.licdn.com/sc/p/com.linkedin.jobs-guest-frontend%3Ajobs-guest-frontend-static-content%2B2.0.13/f/%2Fjobs-guest-frontend%2Fdist%2FguestHouseJobsSearch.js, line 1: TypeError: e.tracking is undefined
1613943038675	mozrunner::runner	INFO	Running command: "/usr/bin/firefox" "-marionette" "-foreground" "-no-remote" "-profile" "/tmp/rust_mozprofile.1zQFVGY5y4tW"
1613943040530	Marionette	INFO	Listening on port 44175
1613943040612	Marionette	WARN	TLS certificate errors will be ignored for this session
1613943040625	Marionette	ERROR	[15] No reply from Marionette:Register
JavaScript error: https://static-exp1.licdn.com/sc/h/46hpi8uezjjez4p0intrn0rlh, line 1: TypeError: this._liveTextEl is null
JavaScript error: https://static-exp1.licdn.com/sc/h/46hpi8uezjjez4p0intrn0rlh, line 1: TypeError: this._liveTextEl is null
JavaScript error: https://static-exp1.licdn.com/sc/p/com.linkedin.jobs-guest-frontend%3Ajobs-guest-frontend-static-content%2B2.0.13/f/%2Fjobs-guest-frontend%2Fdist%2FguestHouseJobsSearch.js, line 1: TypeError: e.tracking is undefined
1613943054199	mozrunner::runner	INFO	Running command: "/usr/bin/firefox" "-marionette" "-foreground" "-no-remote" "-profile" "/tmp/rust_mozprofile.23edv6Rq3bXB"
1613943056116	Marionette	INFO	Listening on port 43131
1613943056239	Marionette	WARN	TLS certificate errors will be ignored for this session
1613943056254	Marionette	ERROR	[15] No reply from Marionette:Register
JavaScript error: https://static-exp1.licdn.com/sc/h/46hpi8uezjjez4p0intrn0rlh, line 1: TypeError: this._liveTextEl is null
JavaScript error: https://static-exp1.licdn.com/sc/h/46hpi8uezjjez4p0intrn0rlh, line 1: TypeError: this._liveTextEl is null
JavaScript error: https://static-exp1.licdn.com/sc/p/com.linkedin.jobs-guest-frontend%3Ajobs-guest-frontend-static-content%2B2.0.13/f/%2Fjobs-guest-frontend%2Fdist%2FguestHouseJobsSearch.js, line 1: TypeError: e.tracking is undefined
JavaScript error: https://static-exp1.licdn.com/sc/p/com.linkedin.jobs-guest-frontend%3Ajobs-guest-frontend-static-content%2B2.0.13/f/%2Fjobs-guest-frontend%2Fdist%2FguestHouseJobsSearch.js, line 1: TypeError: this.window.searchTracking is undefined
1613943076581	Marionette	ERROR	[33] No reply from Marionette:Register
1613943145943	mozrunner::runner	INFO	Running command: "/usr/bin/firefox" "-marionette" "-foreground" "-no-remote" "-profile" "/tmp/rust_mozprofile.jowtBNodp1gk"
1613943147881	Marionette	INFO	Listening on port 43235
1613943147974	Marionette	WARN	TLS certificate errors will be ignored for this session
1613943147993	Marionette	ERROR	[15] No reply from Marionette:Register
JavaScript error: https://static-exp1.licdn.com/sc/p/com.linkedin.jobs-guest-frontend%3Ajobs-guest-frontend-static-content%2B2.0.13/f/%2Fjobs-guest-frontend%2Fdist%2FguestHouseJobsSearch.js, line 1: TypeError: e.tracking is undefined
1613943162441	Marionette	INFO	Stopped listening on port 43235

###!!! [Parent][RunMessage] Error: Channel closing: too late to send/recv, messages will be lost

1613943187647	mozrunner::runner	INFO	Running command: "/usr/bin/firefox" "-marionette" "-foreground" "-no-remote" "-profile" "/tmp/rust_mozprofile.umDduiOPyfJM"
1613943189521	Marionette	INFO	Listening on port 46383
1613943189579	Marionette	WARN	TLS certificate errors will be ignored for this session
1613943189598	Marionette	ERROR	[15] No reply from Marionette:Register
JavaScript error: https://static-exp1.licdn.com/sc/h/46hpi8uezjjez4p0intrn0rlh, line 1: TypeError: this._liveTextEl is null
JavaScript error: https://static-exp1.licdn.com/sc/p/com.linkedin.jobs-guest-frontend%3Ajobs-guest-frontend-static-content%2B2.0.13/f/%2Fjobs-guest-frontend%2Fdist%2FguestHouseJobsSearch.js, line 1: TypeError: e.tracking is undefined
JavaScript error: https://static-exp1.licdn.com/sc/p/com.linkedin.jobs-guest-frontend%3Ajobs-guest-frontend-static-content%2B2.0.13/f/%2Fjobs-guest-frontend%2Fdist%2FguestHouseJobsSearch.js, line 1: TypeError: this.window.searchTracking is undefined
1613943208609	mozrunner::runner	INFO	Running command: "/usr/bin/firefox" "-marionette" "-foreground" "-no-remote" "-profile" "/tmp/rust_mozprofile.tgeHfaPjZnya"
1613943210610	Marionette	INFO	Listening on port 42701
1613943210642	Marionette	WARN	TLS certificate errors will be ignored for this session
1613943210657	Marionette	ERROR	[15] No reply from Marionette:Register
JavaScript error: https://static-exp1.licdn.com/sc/h/46hpi8uezjjez4p0intrn0rlh, line 1: TypeError: this._liveTextEl is null
JavaScript error: https://static-exp1.licdn.com/sc/h/46hpi8uezjjez4p0intrn0rlh, line 1: TypeError: this._liveTextEl is null
JavaScript error: https://static-exp1.licdn.com/sc/p/com.linkedin.jobs-guest-frontend%3Ajobs-guest-frontend-static-content%2B2.0.13/f/%2Fjobs-guest-frontend%2Fdist%2FguestHouseJobsSearch.js, line 1: TypeError: e.tracking is undefined
JavaScript error: https://static-exp1.licdn.com/sc/p/com.linkedin.jobs-guest-frontend%3Ajobs-guest-frontend-static-content%2B2.0.13/f/%2Fjobs-guest-frontend%2Fdist%2FguestHouseJobsSearch.js, line 1: TypeError: this.window.searchTracking is undefined
1613943229586	Marionette	ERROR	[33] No reply from Marionette:Register
1613943293061	mozrunner::runner	INFO	Running command: "/usr/bin/firefox" "-marionette" "-foreground" "-no-remote" "-profile" "/tmp/rust_mozprofile.WHSHsQ1lDOuD"
1613943294983	Marionette	INFO	Listening on port 39299
1613943295094	Marionette	WARN	TLS certificate errors will be ignored for this session
1613943295116	Marionette	ERROR	[15] No reply from Marionette:Register
JavaScript error: https://static-exp1.licdn.com/sc/h/46hpi8uezjjez4p0intrn0rlh, line 1: TypeError: this._liveTextEl is null
JavaScript error: https://static-exp1.licdn.com/sc/h/46hpi8uezjjez4p0intrn0rlh, line 1: TypeError: this._liveTextEl is null
JavaScript error: https://static-exp1.licdn.com/sc/p/com.linkedin.jobs-guest-frontend%3Ajobs-guest-frontend-static-content%2B2.0.13/f/%2Fjobs-guest-frontend%2Fdist%2FguestHouseJobsSearch.js, line 1: TypeError: e.tracking is undefined
JavaScript error: https://static-exp1.licdn.com/sc/p/com.linkedin.jobs-guest-frontend%3Ajobs-guest-frontend-static-content%2B2.0.13/f/%2Fjobs-guest-frontend%2Fdist%2FguestHouseJobsSearch.js, line 1: TypeError: this.window.searchTracking is undefined
1613943337145	mozrunner::runner	INFO	Running command: "/usr/bin/firefox" "-marionette" "-foreground" "-no-remote" "-profile" "/tmp/rust_mozprofile.cY4rzcZH9Acw"
1613943339066	Marionette	INFO	Listening on port 40809
1613943339171	Marionette	WARN	TLS certificate errors will be ignored for this session
1613943339187	Marionette	ERROR	[15] No reply from Marionette:Register
JavaScript error: https://static-exp1.licdn.com/sc/h/46hpi8uezjjez4p0intrn0rlh, line 1: TypeError: this._liveTextEl is null
JavaScript error: https://static-exp1.licdn.com/sc/h/46hpi8uezjjez4p0intrn0rlh, line 1: TypeError: this._liveTextEl is null
JavaScript error: https://static-exp1.licdn.com/sc/p/com.linkedin.jobs-guest-frontend%3Ajobs-guest-frontend-static-content%2B2.0.13/f/%2Fjobs-guest-frontend%2Fdist%2FguestHouseJobsSearch.js, line 1: TypeError: e.tracking is undefined
JavaScript error: https://static-exp1.licdn.com/sc/p/com.linkedin.jobs-guest-frontend%3Ajobs-guest-frontend-static-content%2B2.0.13/f/%2Fjobs-guest-frontend%2Fdist%2FguestHouseJobsSearch.js, line 1: TypeError: this.window.searchTracking is undefined
1613943618829	mozrunner::runner	INFO	Running command: "/usr/bin/firefox" "-marionette" "-foreground" "-no-remote" "-profile" "/tmp/rust_mozprofile.KG148igtFdqE"
1613943620907	Marionette	INFO	Listening on port 39977
1613943620964	Marionette	WARN	TLS certificate errors will be ignored for this session
1613943620981	Marionette	ERROR	[15] No reply from Marionette:Register
JavaScript error: https://static-exp1.licdn.com/sc/h/46hpi8uezjjez4p0intrn0rlh, line 1: TypeError: this._liveTextEl is null
JavaScript error: https://static-exp1.licdn.com/sc/p/com.linkedin.jobs-guest-frontend%3Ajobs-guest-frontend-static-content%2B2.0.13/f/%2Fjobs-guest-frontend%2Fdist%2FguestHouseJobsSearch.js, line 1: TypeError: e.tracking is undefined
JavaScript error: https://static-exp1.licdn.com/sc/p/com.linkedin.jobs-guest-frontend%3Ajobs-guest-frontend-static-content%2B2.0.13/f/%2Fjobs-guest-frontend%2Fdist%2FguestHouseJobsSearch.js, line 1: TypeError: this.window.searchTracking is undefined
1613943691583	mozrunner::runner	INFO	Running command: "/usr/bin/firefox" "-marionette" "-foreground" "-no-remote" "-profile" "/tmp/rust_mozprofile.t3EGHI8bOZON"
1613943693768	Marionette	INFO	Listening on port 41927
1613943693813	Marionette	WARN	TLS certificate errors will be ignored for this session
1613943693830	Marionette	ERROR	[15] No reply from Marionette:Register
JavaScript error: https://static-exp1.licdn.com/sc/h/46hpi8uezjjez4p0intrn0rlh, line 1: TypeError: this._liveTextEl is null
JavaScript error: https://static-exp1.licdn.com/sc/p/com.linkedin.jobs-guest-frontend%3Ajobs-guest-frontend-static-content%2B2.0.13/f/%2Fjobs-guest-frontend%2Fdist%2FguestHouseJobsSearch.js, line 1: TypeError: e.tracking is undefined
JavaScript error: https://static-exp1.licdn.com/sc/p/com.linkedin.jobs-guest-frontend%3Ajobs-guest-frontend-static-content%2B2.0.13/f/%2Fjobs-guest-frontend%2Fdist%2FguestHouseJobsSearch.js, line 1: TypeError: this.window.searchTracking is undefined
1613943713568	Marionette	ERROR	[33] No reply from Marionette:Register

(firefox:12662): GLib-GObject-CRITICAL **: 22:42:19.725: g_type_add_interface_static: assertion 'g_type_parent (interface_type) == G_TYPE_INTERFACE' failed

(firefox:12662): GLib-GObject-CRITICAL **: 22:42:19.725: g_type_add_interface_static: assertion 'g_type_parent (interface_type) == G_TYPE_INTERFACE' failed

(firefox:12662): GLib-GObject-CRITICAL **: 22:42:19.725: g_type_add_interface_static: assertion 'g_type_parent (interface_type) == G_TYPE_INTERFACE' failed

(firefox:12662): GLib-GObject-CRITICAL **: 22:42:19.726: g_type_add_interface_static: assertion 'g_type_parent (interface_type) == G_TYPE_INTERFACE' failed

(firefox:12662): GLib-GObject-CRITICAL **: 22:42:19.727: g_type_add_interface_static: assertion 'g_type_parent (interface_type) == G_TYPE_INTERFACE' failed

(firefox:12662): GLib-GObject-CRITICAL **: 22:42:19.727: g_type_add_interface_static: assertion 'g_type_parent (interface_type) == G_TYPE_INTERFACE' failed

(firefox:12662): GLib-GObject-CRITICAL **: 22:42:19.727: g_type_add_interface_static: assertion 'g_type_parent (interface_type) == G_TYPE_INTERFACE' failed

(firefox:12662): GLib-GObject-WARNING **: 22:42:19.792: ../../../gobject/gsignal.c:3595: signal name 'load_complete' is invalid for instance '0x7f17ea957710' of type 'MaiAtkType139'

(firefox:12662): GLib-GObject-WARNING **: 22:42:19.793: ../../../gobject/gsignal.c:3595: signal name 'load_complete' is invalid for instance '0x7f17ea957e90' of type 'MaiAtkType139'

(firefox:12662): GLib-GObject-CRITICAL **: 22:42:19.828: g_type_add_interface_static: assertion 'g_type_parent (interface_type) == G_TYPE_INTERFACE' failed

(firefox:12662): GLib-GObject-CRITICAL **: 22:42:27.393: g_type_add_interface_static: assertion 'g_type_parent (interface_type) == G_TYPE_INTERFACE' failed

(firefox:12662): GLib-GObject-CRITICAL **: 22:42:27.454: g_type_add_interface_static: assertion 'g_type_parent (interface_type) == G_TYPE_INTERFACE' failed

(firefox:12662): GLib-GObject-CRITICAL **: 22:42:37.591: g_type_add_interface_static: assertion 'g_type_parent (interface_type) == G_TYPE_INTERFACE' failed
1613943788574	mozrunner::runner	INFO	Running command: "/usr/bin/firefox" "-marionette" "-foreground" "-no-remote" "-profile" "/tmp/rust_mozprofile.cWj5m1Rfl3nx"
1613943790731	Marionette	INFO	Listening on port 44607
1613943790807	Marionette	WARN	TLS certificate errors will be ignored for this session
1613943790821	Marionette	ERROR	[15] No reply from Marionette:Register
JavaScript error: https://static-exp1.licdn.com/sc/p/com.linkedin.jobs-guest-frontend%3Ajobs-guest-frontend-static-content%2B2.0.13/f/%2Fjobs-guest-frontend%2Fdist%2FguestHouseJobsSearch.js, line 1: TypeError: e.tracking is undefined
JavaScript error: https://static-exp1.licdn.com/sc/p/com.linkedin.jobs-guest-frontend%3Ajobs-guest-frontend-static-content%2B2.0.13/f/%2Fjobs-guest-frontend%2Fdist%2FguestHouseJobsSearch.js, line 1: TypeError: this.window.searchTracking is undefined
1613943816833	mozrunner::runner	INFO	Running command: "/usr/bin/firefox" "-marionette" "-foreground" "-no-remote" "-profile" "/tmp/rust_mozprofile.5bnpfytVR4M2"
1613943818711	Marionette	INFO	Listening on port 33641
1613943818761	Marionette	WARN	TLS certificate errors will be ignored for this session
1613943818774	Marionette	ERROR	[15] No reply from Marionette:Register
JavaScript error: https://static-exp1.licdn.com/sc/h/46hpi8uezjjez4p0intrn0rlh, line 1: TypeError: this._liveTextEl is null
JavaScript error: https://static-exp1.licdn.com/sc/h/46hpi8uezjjez4p0intrn0rlh, line 1: TypeError: this._liveTextEl is null
JavaScript error: https://static-exp1.licdn.com/sc/p/com.linkedin.jobs-guest-frontend%3Ajobs-guest-frontend-static-content%2B2.0.13/f/%2Fjobs-guest-frontend%2Fdist%2FguestHouseJobsSearch.js, line 1: TypeError: e.tracking is undefined
JavaScript error: https://static-exp1.licdn.com/sc/p/com.linkedin.jobs-guest-frontend%3Ajobs-guest-frontend-static-content%2B2.0.13/f/%2Fjobs-guest-frontend%2Fdist%2FguestHouseJobsSearch.js, line 1: TypeError: this.window.searchTracking is undefined
1613943839063	mozrunner::runner	INFO	Running command: "/usr/bin/firefox" "-marionette" "-foreground" "-no-remote" "-profile" "/tmp/rust_mozprofile.sXAp8zXxiV1c"
1613943840955	Marionette	INFO	Listening on port 38323
1613943840995	Marionette	WARN	TLS certificate errors will be ignored for this session
1613943841011	Marionette	ERROR	[15] No reply from Marionette:Register
JavaScript error: https://static-exp1.licdn.com/sc/h/46hpi8uezjjez4p0intrn0rlh, line 1: TypeError: this._liveTextEl is null
JavaScript error: https://static-exp1.licdn.com/sc/h/46hpi8uezjjez4p0intrn0rlh, line 1: TypeError: this._liveTextEl is null
JavaScript error: https://static-exp1.licdn.com/sc/p/com.linkedin.jobs-guest-frontend%3Ajobs-guest-frontend-static-content%2B2.0.13/f/%2Fjobs-guest-frontend%2Fdist%2FguestHouseJobsSearch.js, line 1: TypeError: e.tracking is undefined
JavaScript error: https://static-exp1.licdn.com/sc/p/com.linkedin.jobs-guest-frontend%3Ajobs-guest-frontend-static-content%2B2.0.13/f/%2Fjobs-guest-frontend%2Fdist%2FguestHouseJobsSearch.js, line 1: TypeError: this.window.searchTracking is undefined
JavaScript error: https://static-exp1.licdn.com/sc/p/com.linkedin.jobs-guest-frontend%3Ajobs-guest-frontend-static-content%2B2.0.13/f/%2Fjobs-guest-frontend%2Fdist%2FguestHouseJobsSearch.js, line 1: TypeError: e.tracking is undefined
JavaScript error: https://static-exp1.licdn.com/sc/p/com.linkedin.jobs-guest-frontend%3Ajobs-guest-frontend-static-content%2B2.0.13/f/%2Fjobs-guest-frontend%2Fdist%2FguestHouseJobsSearch.js, line 1: TypeError: e.tracking is undefined
1613943884583	Marionette	ERROR	[33] No reply from Marionette:Register
1613943912337	mozrunner::runner	INFO	Running command: "/usr/bin/firefox" "-marionette" "-foreground" "-no-remote" "-profile" "/tmp/rust_mozprofile.GPxrtSaSW2ud"
1613943914311	Marionette	INFO	Listening on port 34053
1613943914372	Marionette	WARN	TLS certificate errors will be ignored for this session
1613943914387	Marionette	ERROR	[15] No reply from Marionette:Register
JavaScript error: https://static-exp1.licdn.com/sc/h/46hpi8uezjjez4p0intrn0rlh, line 1: TypeError: this._liveTextEl is null
JavaScript error: https://static-exp1.licdn.com/sc/p/com.linkedin.jobs-guest-frontend%3Ajobs-guest-frontend-static-content%2B2.0.13/f/%2Fjobs-guest-frontend%2Fdist%2FguestHouseJobsSearch.js, line 1: TypeError: e.tracking is undefined
JavaScript error: https://static-exp1.licdn.com/sc/p/com.linkedin.jobs-guest-frontend%3Ajobs-guest-frontend-static-content%2B2.0.13/f/%2Fjobs-guest-frontend%2Fdist%2FguestHouseJobsSearch.js, line 1: TypeError: this.window.searchTracking is undefined
1613943926083	Marionette	ERROR	[33] No reply from Marionette:Register
1613943952147	mozrunner::runner	INFO	Running command: "/usr/bin/firefox" "-marionette" "-foreground" "-no-remote" "-profile" "/tmp/rust_mozprofile.g5IJqobbeDht"
1613943954279	Marionette	INFO	Listening on port 40885
1613943954378	Marionette	WARN	TLS certificate errors will be ignored for this session
1613943954392	Marionette	ERROR	[15] No reply from Marionette:Register
JavaScript error: https://static-exp1.licdn.com/sc/h/46hpi8uezjjez4p0intrn0rlh, line 1: TypeError: this._liveTextEl is null
JavaScript error: https://static-exp1.licdn.com/sc/p/com.linkedin.jobs-guest-frontend%3Ajobs-guest-frontend-static-content%2B2.0.13/f/%2Fjobs-guest-frontend%2Fdist%2FguestHouseJobsSearch.js, line 1: TypeError: e.tracking is undefined
JavaScript error: https://static-exp1.licdn.com/sc/p/com.linkedin.jobs-guest-frontend%3Ajobs-guest-frontend-static-content%2B2.0.13/f/%2Fjobs-guest-frontend%2Fdist%2FguestHouseJobsSearch.js, line 1: TypeError: this.window.searchTracking is undefined
1613944029151	mozrunner::runner	INFO	Running command: "/usr/bin/firefox" "-marionette" "-foreground" "-no-remote" "-profile" "/tmp/rust_mozprofile.o35IUoA0KKa3"
1613944031130	Marionette	INFO	Listening on port 38621
1613944031182	Marionette	WARN	TLS certificate errors will be ignored for this session
1613944031201	Marionette	ERROR	[15] No reply from Marionette:Register
JavaScript error: https://static-exp1.licdn.com/sc/h/46hpi8uezjjez4p0intrn0rlh, line 1: TypeError: this._liveTextEl is null
JavaScript error: https://static-exp1.licdn.com/sc/h/46hpi8uezjjez4p0intrn0rlh, line 1: TypeError: this._liveTextEl is null
JavaScript error: https://static-exp1.licdn.com/sc/p/com.linkedin.jobs-guest-frontend%3Ajobs-guest-frontend-static-content%2B2.0.13/f/%2Fjobs-guest-frontend%2Fdist%2FguestHouseJobsSearch.js, line 1: TypeError: e.tracking is undefined
JavaScript error: https://static-exp1.licdn.com/sc/p/com.linkedin.jobs-guest-frontend%3Ajobs-guest-frontend-static-content%2B2.0.13/f/%2Fjobs-guest-frontend%2Fdist%2FguestHouseJobsSearch.js, line 1: TypeError: this.window.searchTracking is undefined
1613944053041	Marionette	ERROR	[33] No reply from Marionette:Register
1613944074697	mozrunner::runner	INFO	Running command: "/usr/bin/firefox" "-marionette" "-foreground" "-no-remote" "-profile" "/tmp/rust_mozprofile.8ncN4woH0hOZ"
1613944076530	Marionette	INFO	Listening on port 43965
1613944076645	Marionette	WARN	TLS certificate errors will be ignored for this session
1613944076669	Marionette	ERROR	[15] No reply from Marionette:Register
JavaScript error: https://static-exp1.licdn.com/sc/h/46hpi8uezjjez4p0intrn0rlh, line 1: TypeError: this._liveTextEl is null
JavaScript error: https://static-exp1.licdn.com/sc/p/com.linkedin.jobs-guest-frontend%3Ajobs-guest-frontend-static-content%2B2.0.13/f/%2Fjobs-guest-frontend%2Fdist%2FguestHouseJobsSearch.js, line 1: TypeError: e.tracking is undefined
JavaScript error: https://static-exp1.licdn.com/sc/p/com.linkedin.jobs-guest-frontend%3Ajobs-guest-frontend-static-content%2B2.0.13/f/%2Fjobs-guest-frontend%2Fdist%2FguestHouseJobsSearch.js, line 1: TypeError: this.window.searchTracking is undefined
1614106279547	geckodriver	INFO	Listening on 127.0.0.1:49723
1614106282682	mozrunner::runner	INFO	Running command: "C:\\Program Files\\Mozilla Firefox\\firefox.exe" "--marionette" "-foreground" "-no-remote" "-profile" "C:\\Users\\arek\\AppData\\Local\\Temp\\rust_mozprofiletQ574Y"
console.warn: SearchSettings: "get: No settings file exists, new profile?" (new Error("", "(unknown module)"))
1614106285228	Marionette	INFO	Listening on port 49737
1614106285354	Marionette	WARN	TLS certificate errors will be ignored for this session

###!!! [Child][MessageChannel] Error: (msgtype=0x3A015A,name=PContent::Msg_InsertNewFocusActionId) Closed channel: cannot send/recv


###!!! [Child][MessageChannel] Error: (msgtype=0x5B0004,name=PHttpChannel::Msg_Cancel) Closed channel: cannot send/recv

mozprofilesa134W"
console.warn: SearchSettings: "get: No settings file exists, new profile?" (new Error("", "(unknown module)"))
1614106368321	Marionette	INFO	Listening on port 49878
1614106368414	Marionette	WARN	TLS certificate errors will be ignored for this session
JavaScript error: chrome://browser/content/aboutNetError.js, line 367: InvalidStateError: An attempt was made to use an object that is not, or is no longer, usable

###!!! [Child][MessageChannel] Error: (msgtype=0x3A015A,name=PContent::Msg_InsertNewFocusActionId) Closed channel: cannot send/recv

1614106558387	geckodriver	INFO	Listening on 127.0.0.1:49881
1614106561492	mozrunner::runner	INFO	Running command: "C:\\Program Files\\Mozilla Firefox\\firefox.exe" "--marionette" "-foreground" "-no-remote" "-profile" "C:\\Users\\arek\\AppData\\Local\\Temp\\rust_mozprofileF1zr6X"
console.warn: SearchSettings: "get: No settings file exists, new profile?" (new Error("", "(unknown module)"))
1614106563954	Marionette	INFO	Listening on port 49907
1614106564146	Marionette	WARN	TLS certificate errors will be ignored for this session
1614106599405	geckodriver	INFO	Listening on 127.0.0.1:49983
1614106602596	mozrunner::runner	INFO	Running command: "C:\\Program Files\\Mozilla Firefox\\firefox.exe" "--marionette" "-foreground" "-no-remote" "-profile" "C:\\Users\\arek\\AppData\\Local\\Temp\\rust_mozprofilebh20tN"
console.warn: SearchSettings: "get: No settings file exists, new profile?" (new Error("", "(unknown module)"))
1614106604559	Marionette	INFO	Listening on port 49997
1614106604661	Marionette	WARN	TLS certificate errors will be ignored for this session
1614106618655	Marionette	INFO	Stopped listening on port 49997

###!!! [Child][RunMessage] Error: Channel closing: too late to send/recv, messages will be lost

1614106622094	geckodriver	INFO	Listening on 127.0.0.1:50056
1614106625247	mozrunner::runner	INFO	Running command: "C:\\Program Files\\Mozilla Firefox\\firefox.exe" "--marionette" "-foreground" "-no-remote" "-profile" "C:\\Users\\arek\\AppData\\Local\\Temp\\rust_mozprofileRdwTJz"
console.warn: SearchSettings: "get: No settings file exists, new profile?" (new Error("", "(unknown module)"))
1614106627421	Marionette	INFO	Listening on port 50069
1614106627894	Marionette	WARN	TLS certificate errors will be ignored for this session
1614106897090	geckodriver	INFO	Listening on 127.0.0.1:50298
1614106900304	mozrunner::runner	INFO	Running command: "C:\\Program Files\\Mozilla Firefox\\firefox.exe" "--marionette" "-foreground" "-no-remote" "-profile" "C:\\Users\\arek\\AppData\\Local\\Temp\\rust_mozprofile1ixaCT"
console.warn: SearchSettings: "get: No settings file exists, new profile?" (new Error("", "(unknown module)"))
1614106902245	Marionette	INFO	Listening on port 50312
1614106902363	Marionette	WARN	TLS certificate errors will be ignored for this session
1614106910232	geckodriver	INFO	Listening on 127.0.0.1:50366
1614106913335	mozrunner::runner	INFO	Running command: "C:\\Program Files\\Mozilla Firefox\\firefox.exe" "--marionette" "-foreground" "-no-remote" "-profile" "C:\\Users\\arek\\AppData\\Local\\Temp\\rust_mozprofileZSJPe3"
console.warn: SearchSettings: "get: No settings file exists, new profile?" (new Error("", "(unknown module)"))
1614106915303	Marionette	INFO	Listening on port 50376
1614106915390	Marionette	WARN	TLS certificate errors will be ignored for this session
1614106926742	geckodriver	INFO	Listening on 127.0.0.1:50431
1614106929809	mozrunner::runner	INFO	Running command: "C:\\Program Files\\Mozilla Firefox\\firefox.exe" "--marionette" "-foreground" "-no-remote" "-profile" "C:\\Users\\arek\\AppData\\Local\\Temp\\rust_mozprofileoHdRbE"
console.warn: SearchSettings: "get: No settings file exists, new profile?" (new Error("", "(unknown module)"))
1614106931795	Marionette	INFO	Listening on port 50441
1614106931850	Marionette	WARN	TLS certificate errors will be ignored for this session
JavaScript error: , line 0: NS_ERROR_NOT_AVAILABLE
1614188850217	geckodriver	INFO	Listening on 127.0.0.1:52148
1614188853304	mozrunner::runner	INFO	Running command: "C:\\Program Files\\Mozilla Firefox\\firefox.exe" "--marionette" "-foreground" "-no-remote" "-profile" "C:\\Users\\arek\\AppData\\Local\\Temp\\rust_mozprofileT5LjlJ"
console.warn: SearchSettings: "get: No settings file exists, new profile?" (new Error("", "(unknown module)"))
1614188855408	Marionette	INFO	Listening on port 52161
1614188855459	Marionette	WARN	TLS certificate errors will be ignored for this session
JavaScript error: https://static-exp1.licdn.com/sc/h/3mm6i30e1k02lw83tzzw82uc3, line 1: TypeError: this._liveTextEl is null
JavaScript error: https://static-exp1.licdn.com/sc/h/3mm6i30e1k02lw83tzzw82uc3, line 1: TypeError: this._liveTextEl is null
JavaScript error: , line 0: uncaught exception: undefined
JavaScript error: https://static-exp1.licdn.com/sc/h/c6kt9o5r2bunemjkdgnodnb80, line 1: TypeError: e is undefined
JavaScript warning: https://static-exp1.licdn.com/sc/h/autwz8cn35djjox10w3z1llr8, line 6087: unreachable code after return statement
1614188862877	Marionette	INFO	Stopped listening on port 52161

###!!! [Child][RunMessage] Error: Channel closing: too late to send/recv, messages will be lost

1614188865852	geckodriver	INFO	Listening on 127.0.0.1:52231
1614188868949	mozrunner::runner	INFO	Running command: "C:\\Program Files\\Mozilla Firefox\\firefox.exe" "--marionette" "-foreground" "-no-remote" "-profile" "C:\\Users\\arek\\AppData\\Local\\Temp\\rust_mozprofilePw4x1q"
console.warn: SearchSettings: "get: No settings file exists, new profile?" (new Error("", "(unknown module)"))
1614188870894	Marionette	INFO	Listening on port 52241
1614188871008	Marionette	WARN	TLS certificate errors will be ignored for this session
JavaScript error: https://static-exp1.licdn.com/sc/h/3mm6i30e1k02lw83tzzw82uc3, line 1: TypeError: this._liveTextEl is null
1614189363785	geckodriver	INFO	Listening on 127.0.0.1:52410
1614189366867	mozrunner::runner	INFO	Running command: "C:\\Program Files\\Mozilla Firefox\\firefox.exe" "--marionette" "-foreground" "-no-remote" "-profile" "C:\\Users\\arek\\AppData\\Local\\Temp\\rust_mozprofiled08UL7"
console.warn: SearchSettings: "get: No settings file exists, new profile?" (new Error("", "(unknown module)"))
1614189368765	Marionette	INFO	Listening on port 52423
1614189368904	Marionette	WARN	TLS certificate errors will be ignored for this session
JavaScript error: https://static-exp1.licdn.com/sc/h/3mm6i30e1k02lw83tzzw82uc3, line 1: TypeError: this._liveTextEl is null
JavaScript error: https://static-exp1.licdn.com/sc/h/3mm6i30e1k02lw83tzzw82uc3, line 1: TypeError: this._liveTextEl is null
1614189408665	geckodriver	INFO	Listening on 127.0.0.1:52494
1614189411756	mozrunner::runner	INFO	Running command: "C:\\Program Files\\Mozilla Firefox\\firefox.exe" "--marionette" "-foreground" "-no-remote" "-profile" "C:\\Users\\arek\\AppData\\Local\\Temp\\rust_mozprofilep0wvGY"
console.warn: SearchSettings: "get: No settings file exists, new profile?" (new Error("", "(unknown module)"))
1614189413783	Marionette	INFO	Listening on port 52505
1614189413904	Marionette	WARN	TLS certificate errors will be ignored for this session
1614189918717	geckodriver	INFO	Listening on 127.0.0.1:65201
1614189921830	mozrunner::runner	INFO	Running command: "D:\\Zainstalowane\\Mozilla ESR\\firefox.exe" "--marionette" "-foreground" "-no-remote" "-profile" "C:\\Users\\MICHAL~1.SOS\\AppData\\Local\\Temp\\rust_mozprofileQUmeFf"
JavaScript error: resource://gre/modules/XULStore.jsm, line 66: Error: Can't find profile directory.
1614189924639	Marionette	INFO	Listening on port 65214
1614189925018	Marionette	WARN	TLS certificate errors will be ignored for this session
JavaScript error: , line 0: TypeError: NetworkError when attempting to fetch resource.
JavaScript error: https://static-exp1.licdn.com/sc/h/3mm6i30e1k02lw83tzzw82uc3, line 1: TypeError: this._liveTextEl is null
JavaScript error: , line 0: uncaught exception: Object
1614189994377	geckodriver	INFO	Listening on 127.0.0.1:64312
1614189997502	mozrunner::runner	INFO	Running command: "D:\\Zainstalowane\\Mozilla ESR\\firefox.exe" "--marionette" "-foreground" "-no-remote" "-profile" "C:\\Users\\MICHAL~1.SOS\\AppData\\Local\\Temp\\rust_mozprofilefnOgaa"
JavaScript error: resource://gre/modules/XULStore.jsm, line 66: Error: Can't find profile directory.
1614189999945	Marionette	INFO	Listening on port 64324
1614190000171	Marionette	WARN	TLS certificate errors will be ignored for this session
JavaScript error: , line 0: TypeError: NetworkError when attempting to fetch resource.
JavaScript error: https://static-exp1.licdn.com/sc/h/3mm6i30e1k02lw83tzzw82uc3, line 1: TypeError: this._liveTextEl is null
JavaScript error: https://static-exp1.licdn.com/sc/h/3mm6i30e1k02lw83tzzw82uc3, line 1: TypeError: this._liveTextEl is null
1614190035819	Marionette	INFO	Stopped listening on port 64324

###!!! [Child][RunMessage] Error: Channel closing: too late to send/recv, messages will be lost

1614190038870	geckodriver	INFO	Listening on 127.0.0.1:64390
1614190041937	mozrunner::runner	INFO	Running command: "D:\\Zainstalowane\\Mozilla ESR\\firefox.exe" "--marionette" "-foreground" "-no-remote" "-profile" "C:\\Users\\MICHAL~1.SOS\\AppData\\Local\\Temp\\rust_mozprofileCEKwLH"
JavaScript error: resource://gre/modules/XULStore.jsm, line 66: Error: Can't find profile directory.
1614190044596	Marionette	INFO	Listening on port 64398
1614190044614	Marionette	WARN	TLS certificate errors will be ignored for this session
JavaScript error: , line 0: TypeError: NetworkError when attempting to fetch resource.
JavaScript error: https://static-exp1.licdn.com/sc/h/3mm6i30e1k02lw83tzzw82uc3, line 1: TypeError: this._liveTextEl is null
JavaScript error: https://static-exp1.licdn.com/sc/h/3mm6i30e1k02lw83tzzw82uc3, line 1: TypeError: this._liveTextEl is null
console.error: "Store does not have a valid reducer. Make sure the argument passed to combineReducers is an object whose values are reducers."
IPDL protocol error: Handler returned error code!

###!!! [Parent][DispatchAsyncMessage] Error: PLayerTransaction::Msg_ReleaseLayer Processing error: message was deserialized, but the handler returned false (indicating failure)


###!!! [Child][RunMessage] Error: Channel closing: too late to send/recv, messages will be lost


###!!! [Child][RunMessage] Error: Channel closing: too late to send/recv, messages will be lost

1614190073863	Marionette	INFO	Stopped listening on port 64398

###!!! [Child][RunMessage] Error: Channel closing: too late to send/recv, messages will be lost


###!!! [Child][MessageChannel::SendAndWait] Error: Channel error: cannot send/recv

1614190081751	geckodriver	INFO	Listening on 127.0.0.1:64453
1614190084848	mozrunner::runner	INFO	Running command: "D:\\Zainstalowane\\Mozilla ESR\\firefox.exe" "--marionette" "-foreground" "-no-remote" "-profile" "C:\\Users\\MICHAL~1.SOS\\AppData\\Local\\Temp\\rust_mozprofileIDehL8"
JavaScript error: resource://gre/modules/XULStore.jsm, line 66: Error: Can't find profile directory.
1614190087346	Marionette	INFO	Listening on port 64465
1614190087524	Marionette	WARN	TLS certificate errors will be ignored for this session
JavaScript error: , line 0: TypeError: NetworkError when attempting to fetch resource.
JavaScript error: https://static-exp1.licdn.com/sc/h/3mm6i30e1k02lw83tzzw82uc3, line 1: TypeError: this._liveTextEl is null
JavaScript error: https://static-exp1.licdn.com/sc/h/3mm6i30e1k02lw83tzzw82uc3, line 1: TypeError: this._liveTextEl is null
console.error: "Store does not have a valid reducer. Make sure the argument passed to combineReducers is an object whose values are reducers."
1614190216842	geckodriver	INFO	Listening on 127.0.0.1:49725
1614190219951	mozrunner::runner	INFO	Running command: "D:\\Zainstalowane\\Mozilla ESR\\firefox.exe" "--marionette" "-foreground" "-no-remote" "-profile" "C:\\Users\\MICHAL~1.SOS\\AppData\\Local\\Temp\\rust_mozprofilexTpG9Z"
JavaScript error: resource://gre/modules/XULStore.jsm, line 66: Error: Can't find profile directory.
1614190222490	Marionette	INFO	Listening on port 49738
1614190222620	Marionette	WARN	TLS certificate errors will be ignored for this session
JavaScript error: , line 0: TypeError: NetworkError when attempting to fetch resource.
JavaScript error: https://static-exp1.licdn.com/sc/h/3mm6i30e1k02lw83tzzw82uc3, line 1: TypeError: this._liveTextEl is null
1614190255691	geckodriver	INFO	Listening on 127.0.0.1:60963
1614190258724	mozrunner::runner	INFO	Running command: "D:\\Zainstalowane\\Mozilla ESR\\firefox.exe" "--marionette" "-foreground" "-no-remote" "-profile" "C:\\Users\\MICHAL~1.SOS\\AppData\\Local\\Temp\\rust_mozprofile3QwgIg"
JavaScript error: resource://gre/modules/XULStore.jsm, line 66: Error: Can't find profile directory.
1614190261444	Marionette	INFO	Listening on port 60980
1614190261881	Marionette	WARN	TLS certificate errors will be ignored for this session
JavaScript error: , line 0: TypeError: NetworkError when attempting to fetch resource.
JavaScript error: https://static-exp1.licdn.com/sc/h/3mm6i30e1k02lw83tzzw82uc3, line 1: TypeError: this._liveTextEl is null
1614190322521	geckodriver	INFO	Listening on 127.0.0.1:61063
1614190325620	mozrunner::runner	INFO	Running command: "D:\\Zainstalowane\\Mozilla ESR\\firefox.exe" "--marionette" "-foreground" "-no-remote" "-profile" "C:\\Users\\MICHAL~1.SOS\\AppData\\Local\\Temp\\rust_mozprofileUjOH5y"
JavaScript error: resource://gre/modules/XULStore.jsm, line 66: Error: Can't find profile directory.
1614190329934	Marionette	INFO	Listening on port 61075
1614190330455	Marionette	WARN	TLS certificate errors will be ignored for this session
JavaScript error: , line 0: TypeError: NetworkError when attempting to fetch resource.
1614190474538	geckodriver	INFO	Listening on 127.0.0.1:51179
1614190477659	mozrunner::runner	INFO	Running command: "D:\\Zainstalowane\\Mozilla ESR\\firefox.exe" "--marionette" "-foreground" "-no-remote" "-profile" "C:\\Users\\MICHAL~1.SOS\\AppData\\Local\\Temp\\rust_mozprofilebAKUhS"
JavaScript error: resource://gre/modules/XULStore.jsm, line 66: Error: Can't find profile directory.
1614190479992	Marionette	INFO	Listening on port 51192
1614190480322	Marionette	WARN	TLS certificate errors will be ignored for this session
JavaScript error: , line 0: TypeError: NetworkError when attempting to fetch resource.
JavaScript error: https://static-exp1.licdn.com/sc/h/3mm6i30e1k02lw83tzzw82uc3, line 1: TypeError: this._liveTextEl is null
console.error: "Store does not have a valid reducer. Make sure the argument passed to combineReducers is an object whose values are reducers."
1614190653935	geckodriver	INFO	Listening on 127.0.0.1:51290
1614190657048	mozrunner::runner	INFO	Running command: "D:\\Zainstalowane\\Mozilla ESR\\firefox.exe" "--marionette" "-foreground" "-no-remote" "-profile" "C:\\Users\\MICHAL~1.SOS\\AppData\\Local\\Temp\\rust_mozprofileYuyHQV"
JavaScript error: resource://gre/modules/XULStore.jsm, line 66: Error: Can't find profile directory.
1614190659574	Marionette	INFO	Listening on port 51303
1614190659720	Marionette	WARN	TLS certificate errors will be ignored for this session
JavaScript error: , line 0: TypeError: NetworkError when attempting to fetch resource.
JavaScript error: https://static-exp1.licdn.com/sc/h/3mm6i30e1k02lw83tzzw82uc3, line 1: TypeError: this._liveTextEl is null
JavaScript error: https://static-exp1.licdn.com/sc/h/3mm6i30e1k02lw83tzzw82uc3, line 1: TypeError: this._liveTextEl is null
console.error: "Store does not have a valid reducer. Make sure the argument passed to combineReducers is an object whose values are reducers."
1614190831461	geckodriver	INFO	Listening on 127.0.0.1:50927
1614190834495	mozrunner::runner	INFO	Running command: "D:\\Zainstalowane\\Mozilla ESR\\firefox.exe" "--marionette" "-foreground" "-no-remote" "-profile" "C:\\Users\\MICHAL~1.SOS\\AppData\\Local\\Temp\\rust_mozprofile63V7zX"
JavaScript error: resource://gre/modules/XULStore.jsm, line 66: Error: Can't find profile directory.
1614190837094	Marionette	INFO	Listening on port 50940
1614190837163	Marionette	WARN	TLS certificate errors will be ignored for this session
JavaScript error: , line 0: TypeError: NetworkError when attempting to fetch resource.
JavaScript error: https://static-exp1.licdn.com/sc/h/3mm6i30e1k02lw83tzzw82uc3, line 1: TypeError: this._liveTextEl is null
1614190985529	Marionette	WARN	TimedPromise timed out after 500 ms: stacktrace:
TimedPromise/<@chrome://marionette/content/sync.js:245:13
TimedPromise@chrome://marionette/content/sync.js:230:10
interaction.flushEventLoop@chrome://marionette/content/interaction.js:416:10
webdriverClickElement@chrome://marionette/content/interaction.js:182:31
1614191024457	geckodriver	INFO	Listening on 127.0.0.1:51045
1614191027573	mozrunner::runner	INFO	Running command: "D:\\Zainstalowane\\Mozilla ESR\\firefox.exe" "--marionette" "-foreground" "-no-remote" "-profile" "C:\\Users\\MICHAL~1.SOS\\AppData\\Local\\Temp\\rust_mozprofilesbad3Z"
JavaScript error: resource://gre/modules/XULStore.jsm, line 66: Error: Can't find profile directory.
1614191030193	Marionette	INFO	Listening on port 51058
1614191030248	Marionette	WARN	TLS certificate errors will be ignored for this session
JavaScript error: , line 0: TypeError: NetworkError when attempting to fetch resource.
JavaScript error: https://static-exp1.licdn.com/sc/h/3mm6i30e1k02lw83tzzw82uc3, line 1: TypeError: this._liveTextEl is null
JavaScript error: https://static-exp1.licdn.com/sc/h/3mm6i30e1k02lw83tzzw82uc3, line 1: TypeError: this._liveTextEl is null
1614191108858	geckodriver	INFO	Listening on 127.0.0.1:60663
1614191112109	mozrunner::runner	INFO	Running command: "D:\\Zainstalowane\\Mozilla ESR\\firefox.exe" "--marionette" "-foreground" "-no-remote" "-profile" "C:\\Users\\MICHAL~1.SOS\\AppData\\Local\\Temp\\rust_mozprofileQXQ15y"
JavaScript error: resource://gre/modules/XULStore.jsm, line 66: Error: Can't find profile directory.
1614191114707	Marionette	INFO	Listening on port 60680
1614191114776	Marionette	WARN	TLS certificate errors will be ignored for this session
JavaScript error: , line 0: TypeError: NetworkError when attempting to fetch resource.
JavaScript error: https://static-exp1.licdn.com/sc/h/3mm6i30e1k02lw83tzzw82uc3, line 1: TypeError: this._liveTextEl is null
JavaScript error: https://static-exp1.licdn.com/sc/h/3mm6i30e1k02lw83tzzw82uc3, line 1: TypeError: this._liveTextEl is null
1614191260865	geckodriver	INFO	Listening on 127.0.0.1:52629
1614191263963	mozrunner::runner	INFO	Running command: "D:\\Zainstalowane\\Mozilla ESR\\firefox.exe" "--marionette" "-foreground" "-no-remote" "-profile" "C:\\Users\\MICHAL~1.SOS\\AppData\\Local\\Temp\\rust_mozprofileXygp4d"
JavaScript error: resource://gre/modules/XULStore.jsm, line 66: Error: Can't find profile directory.
1614191266410	Marionette	INFO	Listening on port 52641
1614191266629	Marionette	WARN	TLS certificate errors will be ignored for this session
JavaScript error: , line 0: TypeError: NetworkError when attempting to fetch resource.
JavaScript error: https://static-exp1.licdn.com/sc/h/3mm6i30e1k02lw83tzzw82uc3, line 1: TypeError: this._liveTextEl is null
console.error: "Store does not have a valid reducer. Make sure the argument passed to combineReducers is an object whose values are reducers."
console.error: (new TypeError("parent is null", "resource://devtools/client/inspector/shared/style-change-tracker.js", 67))
TypeError: parent is null: canMutationImpactCurrentStyles@resource://devtools/client/inspector/shared/style-change-tracker.js:67:24
onMutations@resource://devtools/client/inspector/shared/style-change-tracker.js:84:41
_emit@resource://devtools/shared/event-emitter.js:226:34
emit@resource://devtools/shared/event-emitter.js:172:18
emit@resource://devtools/shared/event-emitter.js:324:18
getMutations@resource://devtools/client/fronts/walker.js:409:10

console.error: (new TypeError("parent is null", "resource://devtools/client/inspector/shared/style-change-tracker.js", 67))
TypeError: parent is null: canMutationImpactCurrentStyles@resource://devtools/client/inspector/shared/style-change-tracker.js:67:24
onMutations@resource://devtools/client/inspector/shared/style-change-tracker.js:84:41
_emit@resource://devtools/shared/event-emitter.js:226:34
emit@resource://devtools/shared/event-emitter.js:172:18
emit@resource://devtools/shared/event-emitter.js:324:18
getMutations@resource://devtools/client/fronts/walker.js:409:10

JavaScript error: resource://devtools/client/fronts/node.js, line 404: TypeError: this.parentFront is null
JavaScript error: resource://devtools/client/fronts/node.js, line 404: TypeError: this.parentFront is null
JavaScript error: resource://devtools/client/fronts/node.js, line 404: TypeError: this.parentFront is null
JavaScript error: resource://devtools/client/fronts/node.js, line 404: TypeError: this.parentFront is null
JavaScript error: resource://devtools/client/fronts/node.js, line 404: TypeError: this.parentFront is null
JavaScript error: resource://devtools/client/fronts/node.js, line 404: TypeError: this.parentFront is null
1614191315911	geckodriver	INFO	Listening on 127.0.0.1:52719
1614191318957	mozrunner::runner	INFO	Running command: "D:\\Zainstalowane\\Mozilla ESR\\firefox.exe" "--marionette" "-foreground" "-no-remote" "-profile" "C:\\Users\\MICHAL~1.SOS\\AppData\\Local\\Temp\\rust_mozprofileAK26Bn"
JavaScript error: resource://gre/modules/XULStore.jsm, line 66: Error: Can't find profile directory.
1614191321690	Marionette	INFO	Listening on port 52728
1614191322163	Marionette	WARN	TLS certificate errors will be ignored for this session
JavaScript error: , line 0: TypeError: NetworkError when attempting to fetch resource.
JavaScript error: https://static-exp1.licdn.com/sc/h/3mm6i30e1k02lw83tzzw82uc3, line 1: TypeError: this._liveTextEl is null
console.error: "Store does not have a valid reducer. Make sure the argument passed to combineReducers is an object whose values are reducers."
1614191426902	geckodriver	INFO	Listening on 127.0.0.1:52818
1614191429996	mozrunner::runner	INFO	Running command: "D:\\Zainstalowane\\Mozilla ESR\\firefox.exe" "--marionette" "-foreground" "-no-remote" "-profile" "C:\\Users\\MICHAL~1.SOS\\AppData\\Local\\Temp\\rust_mozprofileXtVQdC"
JavaScript error: resource://gre/modules/XULStore.jsm, line 66: Error: Can't find profile directory.
1614191432747	Marionette	INFO	Listening on port 52831
1614191433154	Marionette	WARN	TLS certificate errors will be ignored for this session
JavaScript error: , line 0: TypeError: NetworkError when attempting to fetch resource.
JavaScript error: https://static-exp1.licdn.com/sc/h/3mm6i30e1k02lw83tzzw82uc3, line 1: TypeError: this._liveTextEl is null
1614191476524	geckodriver	INFO	Listening on 127.0.0.1:52897
1614191479562	mozrunner::runner	INFO	Running command: "D:\\Zainstalowane\\Mozilla ESR\\firefox.exe" "--marionette" "-foreground" "-no-remote" "-profile" "C:\\Users\\MICHAL~1.SOS\\AppData\\Local\\Temp\\rust_mozprofilek8mUCj"
JavaScript error: resource://gre/modules/XULStore.jsm, line 66: Error: Can't find profile directory.
1614191482143	Marionette	INFO	Listening on port 52914
1614191482230	Marionette	WARN	TLS certificate errors will be ignored for this session
JavaScript error: , line 0: TypeError: NetworkError when attempting to fetch resource.
JavaScript error: https://static-exp1.licdn.com/sc/h/3mm6i30e1k02lw83tzzw82uc3, line 1: TypeError: this._liveTextEl is null
1614191544176	geckodriver	INFO	Listening on 127.0.0.1:52982
1614191547258	mozrunner::runner	INFO	Running command: "D:\\Zainstalowane\\Mozilla ESR\\firefox.exe" "--marionette" "-foreground" "-no-remote" "-profile" "C:\\Users\\MICHAL~1.SOS\\AppData\\Local\\Temp\\rust_mozprofileihprxJ"
JavaScript error: resource://gre/modules/XULStore.jsm, line 66: Error: Can't find profile directory.
1614191550073	Marionette	INFO	Listening on port 52994
1614191550444	Marionette	WARN	TLS certificate errors will be ignored for this session
JavaScript error: https://static-exp1.licdn.com/sc/h/3mm6i30e1k02lw83tzzw82uc3, line 1: TypeError: this._liveTextEl is null
1614191854315	geckodriver	INFO	Listening on 127.0.0.1:54425
1614191857415	mozrunner::runner	INFO	Running command: "D:\\Zainstalowane\\Mozilla ESR\\firefox.exe" "--marionette" "-foreground" "-no-remote" "-profile" "C:\\Users\\MICHAL~1.SOS\\AppData\\Local\\Temp\\rust_mozprofileTi1zO0"
JavaScript error: resource://gre/modules/XULStore.jsm, line 66: Error: Can't find profile directory.
1614191860008	Marionette	INFO	Listening on port 54438
1614191860085	Marionette	WARN	TLS certificate errors will be ignored for this session
JavaScript error: https://static-exp1.licdn.com/sc/h/3mm6i30e1k02lw83tzzw82uc3, line 1: TypeError: this._liveTextEl is null
JavaScript error: https://static-exp1.licdn.com/sc/h/3mm6i30e1k02lw83tzzw82uc3, line 1: TypeError: this._liveTextEl is null
1614191976919	geckodriver	INFO	Listening on 127.0.0.1:54519
1614191979994	mozrunner::runner	INFO	Running command: "D:\\Zainstalowane\\Mozilla ESR\\firefox.exe" "--marionette" "-foreground" "-no-remote" "-profile" "C:\\Users\\MICHAL~1.SOS\\AppData\\Local\\Temp\\rust_mozprofiledVAnR2"
JavaScript error: resource://gre/modules/XULStore.jsm, line 66: Error: Can't find profile directory.
1614191983008	Marionette	INFO	Listening on port 54532
1614191983172	Marionette	WARN	TLS certificate errors will be ignored for this session
JavaScript error: , line 0: TypeError: NetworkError when attempting to fetch resource.
JavaScript error: https://static-exp1.licdn.com/sc/h/3mm6i30e1k02lw83tzzw82uc3, line 1: TypeError: this._liveTextEl is null
1614192161177	geckodriver	INFO	Listening on 127.0.0.1:54654
1614192164298	mozrunner::runner	INFO	Running command: "D:\\Zainstalowane\\Mozilla ESR\\firefox.exe" "--marionette" "-foreground" "-no-remote" "-profile" "C:\\Users\\MICHAL~1.SOS\\AppData\\Local\\Temp\\rust_mozprofileUCSqxD"
JavaScript error: resource://gre/modules/XULStore.jsm, line 66: Error: Can't find profile directory.
1614192166903	Marionette	INFO	Listening on port 54666
1614192166961	Marionette	WARN	TLS certificate errors will be ignored for this session
JavaScript error: https://static-exp1.licdn.com/sc/h/3mm6i30e1k02lw83tzzw82uc3, line 1: TypeError: this._liveTextEl is null
JavaScript error: https://static-exp1.licdn.com/sc/h/3mm6i30e1k02lw83tzzw82uc3, line 1: TypeError: this._liveTextEl is null
1614192302586	geckodriver	INFO	Listening on 127.0.0.1:54762
1614192305658	mozrunner::runner	INFO	Running command: "D:\\Zainstalowane\\Mozilla ESR\\firefox.exe" "--marionette" "-foreground" "-no-remote" "-profile" "C:\\Users\\MICHAL~1.SOS\\AppData\\Local\\Temp\\rust_mozprofileJSExiZ"
JavaScript error: resource://gre/modules/XULStore.jsm, line 66: Error: Can't find profile directory.
1614192307875	Marionette	INFO	Listening on port 54774
1614192308337	Marionette	WARN	TLS certificate errors will be ignored for this session
JavaScript error: , line 0: TypeError: NetworkError when attempting to fetch resource.
JavaScript error: https://static-exp1.licdn.com/sc/h/3mm6i30e1k02lw83tzzw82uc3, line 1: TypeError: this._liveTextEl is null
JavaScript error: https://static-exp1.licdn.com/sc/h/3mm6i30e1k02lw83tzzw82uc3, line 1: TypeError: this._liveTextEl is null
